[debug] [2022-07-16T20:26:46.535Z] ----------------------------------------------------------------------
[debug] [2022-07-16T20:26:46.540Z] Command:       C:\Program Files\nodejs\node.exe C:\Program Files\nodejs\node_modules\firebase-tools\lib\bin\firebase.js emulators:start
[debug] [2022-07-16T20:26:46.541Z] CLI Version:   11.2.1
[debug] [2022-07-16T20:26:46.541Z] Platform:      win32
[debug] [2022-07-16T20:26:46.541Z] Node Version:  v14.18.0
[debug] [2022-07-16T20:26:46.548Z] Time:          Sat Jul 16 2022 13:26:46 GMT-0700 (Pacific Daylight Time)
[debug] [2022-07-16T20:26:46.549Z] ----------------------------------------------------------------------
[debug] 
[debug] [2022-07-16T20:26:46.565Z] >>> [apiv2][query] GET https://firebase-public.firebaseio.com/cli.json [none]
[debug] [2022-07-16T20:26:46.769Z] > command requires scopes: ["email","openid","https://www.googleapis.com/auth/cloudplatformprojects.readonly","https://www.googleapis.com/auth/firebase","https://www.googleapis.com/auth/cloud-platform"]
[debug] [2022-07-16T20:26:46.769Z] > authorizing via signed-in user (slevalley@gmail.com)
[info] i  emulators: Starting emulators: functions, hosting {"metadata":{"emulator":{"name":"hub"},"message":"Starting emulators: functions, hosting"}}
[debug] [2022-07-16T20:26:46.864Z] [hub] writing locator at C:\Users\sleva\AppData\Local\Temp\hub-clone-c04a7.json
[warn] !  functions: The following emulators are not running, calls to these services from the Functions emulator will affect production: auth, firestore, database, pubsub, storage {"metadata":{"emulator":{"name":"functions"},"message":"The following emulators are not running, calls to these services from the Functions emulator will affect production: \u001b[1mauth, firestore, database, pubsub, storage\u001b[22m"}}
[warn] !  Your requested "node" version "16" doesn't match your global version "14". Using node@14 from host. {"metadata":{"emulator":{"name":"functions"},"message":"Your requested \"node\" version \"16\" doesn't match your global version \"14\". Using node@14 from host."}}
[debug] [2022-07-16T20:26:46.999Z] defaultcredentials: writing to file C:\Users\sleva\AppData\Roaming\firebase\slevalley_gmail_com_application_default_credentials.json
[debug] [2022-07-16T20:26:47.010Z] Setting GAC to C:\Users\sleva\AppData\Roaming\firebase\slevalley_gmail_com_application_default_credentials.json {"metadata":{"emulator":{"name":"functions"},"message":"Setting GAC to C:\\Users\\sleva\\AppData\\Roaming\\firebase\\slevalley_gmail_com_application_default_credentials.json"}}
[debug] [2022-07-16T20:26:47.012Z] > refreshing access token with scopes: []
[debug] [2022-07-16T20:26:47.015Z] >>> [apiv2][query] POST https://www.googleapis.com/oauth2/v3/token [none]
[debug] [2022-07-16T20:26:47.015Z] >>> [apiv2][body] POST https://www.googleapis.com/oauth2/v3/token [omitted]
[debug] [2022-07-16T20:26:47.093Z] <<< [apiv2][status] GET https://firebase-public.firebaseio.com/cli.json 200
[debug] [2022-07-16T20:26:47.093Z] <<< [apiv2][body] GET https://firebase-public.firebaseio.com/cli.json {"cloudBuildErrorAfter":1594252800000,"cloudBuildWarnAfter":1590019200000,"defaultNode10After":1594252800000,"minVersion":"3.0.5","node8DeploysDisabledAfter":1613390400000,"node8RuntimeDisabledAfter":1615809600000,"node8WarnAfter":1600128000000}
[debug] [2022-07-16T20:26:47.223Z] <<< [apiv2][status] POST https://www.googleapis.com/oauth2/v3/token 200
[debug] [2022-07-16T20:26:47.224Z] <<< [apiv2][body] POST https://www.googleapis.com/oauth2/v3/token [omitted]
[debug] [2022-07-16T20:26:47.242Z] >>> [apiv2][query] GET https://firebase.googleapis.com/v1beta1/projects/clone-c04a7/adminSdkConfig [none]
[debug] [2022-07-16T20:26:47.681Z] <<< [apiv2][status] GET https://firebase.googleapis.com/v1beta1/projects/clone-c04a7/adminSdkConfig 200
[debug] [2022-07-16T20:26:47.681Z] <<< [apiv2][body] GET https://firebase.googleapis.com/v1beta1/projects/clone-c04a7/adminSdkConfig {"projectId":"clone-c04a7","storageBucket":"clone-c04a7.appspot.com","locationId":"us-central"}
[debug] [2022-07-16T20:26:47.704Z] >>> [apiv2][query] GET https://firebasehosting.googleapis.com/v1beta1/projects/clone-c04a7/sites 
[debug] [2022-07-16T20:26:48.443Z] <<< [apiv2][status] GET https://firebasehosting.googleapis.com/v1beta1/projects/clone-c04a7/sites 200
[debug] [2022-07-16T20:26:48.444Z] <<< [apiv2][body] GET https://firebasehosting.googleapis.com/v1beta1/projects/clone-c04a7/sites {"sites":[{"name":"projects/clone-c04a7/sites/clone-c04a7","defaultUrl":"https://clone-c04a7.web.app","appId":"1:408653519747:web:314aeeedfc88ad2ce7f4b6","type":"DEFAULT_SITE"}]}
[debug] [2022-07-16T20:26:48.444Z] >>> [apiv2][query] GET https://firebase.googleapis.com/v1beta1/projects/clone-c04a7/webApps/1:408653519747:web:314aeeedfc88ad2ce7f4b6/config [none]
[debug] [2022-07-16T20:26:49.213Z] <<< [apiv2][status] GET https://firebase.googleapis.com/v1beta1/projects/clone-c04a7/webApps/1:408653519747:web:314aeeedfc88ad2ce7f4b6/config 200
[debug] [2022-07-16T20:26:49.213Z] <<< [apiv2][body] GET https://firebase.googleapis.com/v1beta1/projects/clone-c04a7/webApps/1:408653519747:web:314aeeedfc88ad2ce7f4b6/config {"projectId":"clone-c04a7","appId":"1:408653519747:web:314aeeedfc88ad2ce7f4b6","storageBucket":"clone-c04a7.appspot.com","locationId":"us-central","apiKey":"AIzaSyD_vFoF3bcJNqbqzUEpuOTPFzNgyHhCwsM","authDomain":"clone-c04a7.firebaseapp.com","messagingSenderId":"408653519747"}
[info] i  hosting: Serving hosting files from: build {"metadata":{"emulator":{"name":"hosting"},"message":"Serving hosting files from: \u001b[1mbuild\u001b[22m"}}
[info] +  hosting: Local server: http://localhost:5000 {"metadata":{"emulator":{"name":"hosting"},"message":"Local server: \u001b[4m\u001b[1mhttp://localhost:5000\u001b[22m\u001b[24m"}}
[debug] [2022-07-16T20:26:49.346Z] Ignoring unsupported arg: auto_download {"metadata":{"emulator":{"name":"ui"},"message":"Ignoring unsupported arg: auto_download"}}
[debug] [2022-07-16T20:26:49.347Z] Ignoring unsupported arg: port {"metadata":{"emulator":{"name":"ui"},"message":"Ignoring unsupported arg: port"}}
[debug] [2022-07-16T20:26:49.348Z] Starting Emulator UI with command {"binary":"node","args":["--dns-result-order=ipv4first","C:\\Users\\sleva\\.cache\\firebase\\emulators\\ui-v1.7.0\\server.bundle.js"],"optionalArgs":[],"joinArgs":false} {"metadata":{"emulator":{"name":"ui"},"message":"Starting Emulator UI with command {\"binary\":\"node\",\"args\":[\"--dns-result-order=ipv4first\",\"C:\\\\Users\\\\sleva\\\\.cache\\\\firebase\\\\emulators\\\\ui-v1.7.0\\\\server.bundle.js\"],\"optionalArgs\":[],\"joinArgs\":false}"}}
[info] i  ui: Emulator UI logging to ui-debug.log {"metadata":{"emulator":{"name":"ui"},"message":"Emulator UI logging to \u001b[1mui-debug.log\u001b[22m"}}
[debug] [2022-07-16T20:26:49.833Z] Web / API server started at localhost:4000
 {"metadata":{"emulator":{"name":"ui"},"message":"Web / API server started at localhost:4000\n"}}
[info] i  functions: Watching "C:\Users\sleva\Desktop\Coding\RealApps\Amazon\amazon-clone\functions" for Cloud Functions... {"metadata":{"emulator":{"name":"functions"},"message":"Watching \"C:\\Users\\sleva\\Desktop\\Coding\\RealApps\\Amazon\\amazon-clone\\functions\" for Cloud Functions..."}}
[debug] [2022-07-16T20:26:49.927Z] Validating nodejs source
[debug] [2022-07-16T20:27:03.580Z] > [functions] package.json contents: {
  "name": "functions",
  "description": "Cloud Functions for Firebase",
  "scripts": {
    "lint": "eslint .",
    "serve": "firebase emulators:start --only functions",
    "shell": "firebase functions:shell",
    "start": "npm run shell",
    "deploy": "firebase deploy --only functions",
    "logs": "firebase functions:log"
  },
  "engines": {
    "node": "16"
  },
  "main": "index.js",
  "dependencies": {
    "cors": "^2.8.5",
    "express": "^4.18.1",
    "firebase-admin": "^10.0.2",
    "firebase-functions": "^3.18.0",
    "stripe": "^9.12.0"
  },
  "devDependencies": {
    "eslint": "^8.9.0",
    "eslint-config-google": "^0.14.0",
    "firebase-functions-test": "^0.2.0"
  },
  "private": true
}
[debug] [2022-07-16T20:27:03.582Z] Building nodejs source
[debug] [2022-07-16T20:27:03.582Z] Analyzing nodejs backend spec
[debug] [2022-07-16T20:27:03.586Z] Could not find functions.yaml. Must use http discovery
[debug] [2022-07-16T20:27:05.780Z] Serving at port 9005

[debug] [2022-07-16T20:27:08.377Z] Got response from /__/functions.yaml {"endpoints":{"api":{"platform":"gcfv1","httpsTrigger":{},"entryPoint":"api"}},"specVersion":"v1alpha1","requiredAPIs":[]}
[debug] [2022-07-16T20:27:08.396Z] shutdown requested via /__/quitquitquit

[info] +  functions[us-central1-api]: http function initialized (http://localhost:5001/clone-c04a7/us-central1/api). {"metadata":{"emulator":{"name":"functions"},"message":"\u001b[1mhttp\u001b[22m function initialized (http://localhost:5001/clone-c04a7/us-central1/api)."}}
[info] 
┌─────────────────────────────────────────────────────────────┐
│ ✔  All emulators ready! It is now safe to connect your app. │
│ i  View Emulator UI at http://localhost:4000                │
└─────────────────────────────────────────────────────────────┘

┌───────────┬────────────────┬─────────────────────────────────┐
│ Emulator  │ Host:Port      │ View in Emulator UI             │
├───────────┼────────────────┼─────────────────────────────────┤
│ Functions │ localhost:5001 │ http://localhost:4000/functions │
├───────────┼────────────────┼─────────────────────────────────┤
│ Hosting   │ localhost:5000 │ n/a                             │
└───────────┴────────────────┴─────────────────────────────────┘
  Emulator Hub running at localhost:4400
  Other reserved ports: 4500

Issues? Report them at https://github.com/firebase/firebase-tools/issues and attach the *-debug.log files.
 
[debug] [2022-07-16T20:31:39.035Z] Received signal SIGHUP 1
[debug] [2022-07-16T21:19:35.709Z] ----------------------------------------------------------------------
[debug] [2022-07-16T21:19:35.712Z] Command:       C:\Program Files\nodejs\node.exe C:\Program Files\nodejs\node_modules\firebase-tools\lib\bin\firebase.js emulators:start
[debug] [2022-07-16T21:19:35.713Z] CLI Version:   11.2.1
[debug] [2022-07-16T21:19:35.713Z] Platform:      win32
[debug] [2022-07-16T21:19:35.713Z] Node Version:  v14.18.0
[debug] [2022-07-16T21:19:35.718Z] Time:          Sat Jul 16 2022 14:19:35 GMT-0700 (Pacific Daylight Time)
[debug] [2022-07-16T21:19:35.718Z] ----------------------------------------------------------------------
[debug] 
[debug] [2022-07-16T21:19:35.863Z] > command requires scopes: ["email","openid","https://www.googleapis.com/auth/cloudplatformprojects.readonly","https://www.googleapis.com/auth/firebase","https://www.googleapis.com/auth/cloud-platform"]
[debug] [2022-07-16T21:19:35.863Z] > authorizing via signed-in user (slevalley@gmail.com)
[info] i  emulators: Starting emulators: functions, hosting {"metadata":{"emulator":{"name":"hub"},"message":"Starting emulators: functions, hosting"}}
[warn] !  emulators: It seems that you are running multiple instances of the emulator suite for project clone-c04a7. This may result in unexpected behavior. 
[debug] [2022-07-16T21:19:35.961Z] [hub] writing locator at C:\Users\sleva\AppData\Local\Temp\hub-clone-c04a7.json
[warn] !  functions: The following emulators are not running, calls to these services from the Functions emulator will affect production: auth, firestore, database, pubsub, storage {"metadata":{"emulator":{"name":"functions"},"message":"The following emulators are not running, calls to these services from the Functions emulator will affect production: \u001b[1mauth, firestore, database, pubsub, storage\u001b[22m"}}
[warn] !  Your requested "node" version "16" doesn't match your global version "14". Using node@14 from host. {"metadata":{"emulator":{"name":"functions"},"message":"Your requested \"node\" version \"16\" doesn't match your global version \"14\". Using node@14 from host."}}
[debug] [2022-07-16T21:19:36.074Z] defaultcredentials: writing to file C:\Users\sleva\AppData\Roaming\firebase\slevalley_gmail_com_application_default_credentials.json
[debug] [2022-07-16T21:19:36.079Z] Setting GAC to C:\Users\sleva\AppData\Roaming\firebase\slevalley_gmail_com_application_default_credentials.json {"metadata":{"emulator":{"name":"functions"},"message":"Setting GAC to C:\\Users\\sleva\\AppData\\Roaming\\firebase\\slevalley_gmail_com_application_default_credentials.json"}}
[debug] [2022-07-16T21:19:36.082Z] > refreshing access token with scopes: []
[debug] [2022-07-16T21:19:36.084Z] >>> [apiv2][query] POST https://www.googleapis.com/oauth2/v3/token [none]
[debug] [2022-07-16T21:19:36.085Z] >>> [apiv2][body] POST https://www.googleapis.com/oauth2/v3/token [omitted]
[debug] [2022-07-16T21:19:36.258Z] <<< [apiv2][status] POST https://www.googleapis.com/oauth2/v3/token 200
[debug] [2022-07-16T21:19:36.259Z] <<< [apiv2][body] POST https://www.googleapis.com/oauth2/v3/token [omitted]
[debug] [2022-07-16T21:19:36.300Z] >>> [apiv2][query] GET https://firebase.googleapis.com/v1beta1/projects/clone-c04a7/adminSdkConfig [none]
[debug] [2022-07-16T21:19:36.690Z] <<< [apiv2][status] GET https://firebase.googleapis.com/v1beta1/projects/clone-c04a7/adminSdkConfig 200
[debug] [2022-07-16T21:19:36.691Z] <<< [apiv2][body] GET https://firebase.googleapis.com/v1beta1/projects/clone-c04a7/adminSdkConfig {"projectId":"clone-c04a7","storageBucket":"clone-c04a7.appspot.com","locationId":"us-central"}
[debug] [2022-07-16T21:19:36.725Z] >>> [apiv2][query] GET https://firebasehosting.googleapis.com/v1beta1/projects/clone-c04a7/sites 
[debug] [2022-07-16T21:19:37.421Z] <<< [apiv2][status] GET https://firebasehosting.googleapis.com/v1beta1/projects/clone-c04a7/sites 200
[debug] [2022-07-16T21:19:37.421Z] <<< [apiv2][body] GET https://firebasehosting.googleapis.com/v1beta1/projects/clone-c04a7/sites {"sites":[{"name":"projects/clone-c04a7/sites/clone-c04a7","defaultUrl":"https://clone-c04a7.web.app","appId":"1:408653519747:web:314aeeedfc88ad2ce7f4b6","type":"DEFAULT_SITE"}]}
[debug] [2022-07-16T21:19:37.421Z] >>> [apiv2][query] GET https://firebase.googleapis.com/v1beta1/projects/clone-c04a7/webApps/1:408653519747:web:314aeeedfc88ad2ce7f4b6/config [none]
[debug] [2022-07-16T21:19:38.179Z] <<< [apiv2][status] GET https://firebase.googleapis.com/v1beta1/projects/clone-c04a7/webApps/1:408653519747:web:314aeeedfc88ad2ce7f4b6/config 200
[debug] [2022-07-16T21:19:38.180Z] <<< [apiv2][body] GET https://firebase.googleapis.com/v1beta1/projects/clone-c04a7/webApps/1:408653519747:web:314aeeedfc88ad2ce7f4b6/config {"projectId":"clone-c04a7","appId":"1:408653519747:web:314aeeedfc88ad2ce7f4b6","storageBucket":"clone-c04a7.appspot.com","locationId":"us-central","apiKey":"AIzaSyD_vFoF3bcJNqbqzUEpuOTPFzNgyHhCwsM","authDomain":"clone-c04a7.firebaseapp.com","messagingSenderId":"408653519747"}
[info] i  hosting: Serving hosting files from: build {"metadata":{"emulator":{"name":"hosting"},"message":"Serving hosting files from: \u001b[1mbuild\u001b[22m"}}
[info] +  hosting: Local server: http://localhost:5000 {"metadata":{"emulator":{"name":"hosting"},"message":"Local server: \u001b[4m\u001b[1mhttp://localhost:5000\u001b[22m\u001b[24m"}}
[warn] !  ui: Emulator UI unable to start on port 4000, starting on 4001 instead. {"metadata":{"emulator":{"name":"ui"},"message":"Emulator UI unable to start on port 4000, starting on 4001 instead."}}
[debug] [2022-07-16T21:19:38.499Z] Ignoring unsupported arg: auto_download {"metadata":{"emulator":{"name":"ui"},"message":"Ignoring unsupported arg: auto_download"}}
[debug] [2022-07-16T21:19:38.500Z] Ignoring unsupported arg: port {"metadata":{"emulator":{"name":"ui"},"message":"Ignoring unsupported arg: port"}}
[debug] [2022-07-16T21:19:38.500Z] Starting Emulator UI with command {"binary":"node","args":["--dns-result-order=ipv4first","C:\\Users\\sleva\\.cache\\firebase\\emulators\\ui-v1.7.0\\server.bundle.js"],"optionalArgs":[],"joinArgs":false} {"metadata":{"emulator":{"name":"ui"},"message":"Starting Emulator UI with command {\"binary\":\"node\",\"args\":[\"--dns-result-order=ipv4first\",\"C:\\\\Users\\\\sleva\\\\.cache\\\\firebase\\\\emulators\\\\ui-v1.7.0\\\\server.bundle.js\"],\"optionalArgs\":[],\"joinArgs\":false}"}}
[info] i  ui: Emulator UI logging to ui-debug.log {"metadata":{"emulator":{"name":"ui"},"message":"Emulator UI logging to \u001b[1mui-debug.log\u001b[22m"}}
[debug] [2022-07-16T21:19:39.314Z] Web / API server started at localhost:4001
 {"metadata":{"emulator":{"name":"ui"},"message":"Web / API server started at localhost:4001\n"}}
[info] i  functions: Watching "C:\Users\sleva\Desktop\Coding\RealApps\Amazon\amazon-clone\functions" for Cloud Functions... {"metadata":{"emulator":{"name":"functions"},"message":"Watching \"C:\\Users\\sleva\\Desktop\\Coding\\RealApps\\Amazon\\amazon-clone\\functions\" for Cloud Functions..."}}
[debug] [2022-07-16T21:19:39.388Z] Validating nodejs source
[debug] [2022-07-16T21:19:59.009Z] > [functions] package.json contents: {
  "name": "functions",
  "description": "Cloud Functions for Firebase",
  "scripts": {
    "lint": "eslint .",
    "serve": "firebase emulators:start --only functions",
    "shell": "firebase functions:shell",
    "start": "npm run shell",
    "deploy": "firebase deploy --only functions",
    "logs": "firebase functions:log"
  },
  "engines": {
    "node": "16"
  },
  "main": "index.js",
  "dependencies": {
    "cors": "^2.8.5",
    "express": "^4.18.1",
    "firebase-admin": "^10.0.2",
    "firebase-functions": "^3.18.0",
    "stripe": "^9.12.0"
  },
  "devDependencies": {
    "eslint": "^8.9.0",
    "eslint-config-google": "^0.14.0",
    "firebase-functions-test": "^0.2.0"
  },
  "private": true
}
[debug] [2022-07-16T21:19:59.010Z] Building nodejs source
[debug] [2022-07-16T21:19:59.011Z] Analyzing nodejs backend spec
[debug] [2022-07-16T21:19:59.015Z] Could not find functions.yaml. Must use http discovery
[debug] [2022-07-16T21:20:01.513Z] Serving at port 9005

[debug] [2022-07-16T21:20:04.081Z] Got response from /__/functions.yaml {"endpoints":{"api":{"platform":"gcfv1","httpsTrigger":{},"entryPoint":"api"}},"specVersion":"v1alpha1","requiredAPIs":[]}
[debug] [2022-07-16T21:20:04.099Z] shutdown requested via /__/quitquitquit

[info] +  functions[us-central1-api]: http function initialized (http://localhost:5001/clone-c04a7/us-central1/api). {"metadata":{"emulator":{"name":"functions"},"message":"\u001b[1mhttp\u001b[22m function initialized (http://localhost:5001/clone-c04a7/us-central1/api)."}}
[info] 
┌─────────────────────────────────────────────────────────────┐
│ ✔  All emulators ready! It is now safe to connect your app. │
│ i  View Emulator UI at http://localhost:4001                │
└─────────────────────────────────────────────────────────────┘

┌───────────┬────────────────┬─────────────────────────────────┐
│ Emulator  │ Host:Port      │ View in Emulator UI             │
├───────────┼────────────────┼─────────────────────────────────┤
│ Functions │ localhost:5001 │ http://localhost:4001/functions │
├───────────┼────────────────┼─────────────────────────────────┤
│ Hosting   │ localhost:5000 │ n/a                             │
└───────────┴────────────────┴─────────────────────────────────┘
  Emulator Hub running at localhost:4400
  Other reserved ports: 4500

Issues? Report them at https://github.com/firebase/firebase-tools/issues and attach the *-debug.log files.
 
